<?xml version="1.0" encoding="UTF-8"?>
<testng-results ignored="0" total="1" passed="1" failed="0" skipped="0">
  <reporter-output>
  </reporter-output>
  <suite started-at="2024-07-05T00:47:36 IST" name="Surefire suite" finished-at="2024-07-05T00:47:46 IST" duration-ms="10071">
    <groups>
    </groups>
    <test started-at="2024-07-05T00:47:36 IST" name="Surefire test" finished-at="2024-07-05T00:47:46 IST" duration-ms="10071">
      <class name="com.example.HelloWorldTest">
        <test-method is-config="true" signature="setUp()[pri:0, instance:com.example.HelloWorldTest@22eeefeb]" started-at="2024-07-05T00:47:36 IST" name="setUp" finished-at="2024-07-05T00:47:45 IST" duration-ms="9176" status="PASS">
          <reporter-output>
          </reporter-output>
        </test-method> <!-- setUp -->
        <test-method signature="testHelloFromBackend()[pri:0, instance:com.example.HelloWorldTest@22eeefeb]" started-at="2024-07-05T00:47:45 IST" name="testHelloFromBackend" finished-at="2024-07-05T00:47:46 IST" duration-ms="583" status="PASS">
          <reporter-output>
          </reporter-output>
        </test-method> <!-- testHelloFromBackend -->
        <test-method is-config="true" signature="tearDown()[pri:0, instance:com.example.HelloWorldTest@22eeefeb]" started-at="2024-07-05T00:47:46 IST" name="tearDown" finished-at="2024-07-05T00:47:46 IST" duration-ms="280" status="PASS">
          <reporter-output>
          </reporter-output>
        </test-method> <!-- tearDown -->
      </class> <!-- com.example.HelloWorldTest -->
    </test> <!-- Surefire test -->
  </suite> <!-- Surefire suite -->
</testng-results>
